level : info: Jul-31-2023 18:07:96:	Listener is working on port 9000
level : info: Jul-31-2023 18:07:03:	Mongoose is connected
level : info: Jul-31-2023 18:07:77:	Listener is working on port 9000
level : info: Jul-31-2023 18:07:18:	Mongoose is connected
level : info: Jul-31-2023 18:07:54:	Listener is working on port 9000
level : info: Jul-31-2023 18:07:57:	Mongoose is connected
level : info: Jul-31-2023 18:07:31:	Listener is working on port 9000
level : info: Jul-31-2023 18:07:34:	Mongoose is connected
level : info: Aug-01-2023 11:08:29:	Listener is working on port 9000
level : info: Aug-01-2023 11:08:39:	Mongoose is connected
level : info: Aug-01-2023 11:08:73:	Listener is working on port 9000
level : info: Aug-01-2023 11:08:77:	Mongoose is connected
level : info: Aug-01-2023 11:08:92:	Listener is working on port 9000
level : info: Aug-01-2023 11:08:95:	Mongoose is connected
level : info: Aug-01-2023 11:08:73:	Listener is working on port 9000
level : info: Aug-01-2023 11:08:78:	Mongoose is connected
level : info: Aug-01-2023 11:08:53:	Listener is working on port 9000
level : info: Aug-01-2023 11:08:59:	Mongoose is connected
level : info: Aug-01-2023 11:08:82:	Listener is working on port 9000
level : info: Aug-01-2023 11:08:87:	Mongoose is connected
level : info: Aug-01-2023 11:08:46:	Listener is working on port 9000
level : info: Aug-01-2023 11:08:48:	Mongoose is connected
level : info: Aug-01-2023 11:08:47:	Listener is working on port 9000
level : info: Aug-01-2023 11:08:52:	Mongoose is connected
level : info: Aug-01-2023 11:08:79:	Listener is working on port 9000
level : info: Aug-01-2023 11:08:82:	Mongoose is connected
level : info: Aug-01-2023 11:08:17:	Listener is working on port 9000
level : info: Aug-01-2023 11:08:19:	Mongoose is connected
level : info: Aug-01-2023 11:08:29:	Listener is working on port 9000
level : info: Aug-01-2023 11:08:32:	Mongoose is connected
level : info: Aug-01-2023 11:08:17:	Listener is working on port 9000
level : info: Aug-01-2023 11:08:20:	Mongoose is connected
level : info: Aug-01-2023 11:08:58:	Listener is working on port 9000
level : info: Aug-01-2023 11:08:61:	Mongoose is connected
level : info: Aug-01-2023 11:08:67:	Listener is working on port 9000
level : info: Aug-01-2023 11:08:71:	Mongoose is connected
level : info: Aug-01-2023 11:08:23:	Listener is working on port 9000
level : info: Aug-01-2023 11:08:26:	Mongoose is connected
level : info: Aug-01-2023 11:08:70:	Listener is working on port 9000
level : info: Aug-01-2023 11:08:72:	Mongoose is connected
level : info: Aug-01-2023 11:08:42:	Listener is working on port 9000
level : info: Aug-01-2023 11:08:46:	Mongoose is connected
level : info: Aug-01-2023 11:08:40:	Listener is working on port 9000
level : info: Aug-01-2023 11:08:49:	Mongoose is connected
level : info: Aug-01-2023 11:08:76:	Listener is working on port 9000
level : info: Aug-01-2023 11:08:80:	Mongoose is connected
level : info: Aug-01-2023 11:08:58:	Listener is working on port 9000
level : info: Aug-01-2023 11:08:61:	Mongoose is connected
level : info: Aug-01-2023 11:08:86:	Listener is working on port 9000
level : info: Aug-01-2023 11:08:91:	Mongoose is connected
level : info: Aug-01-2023 11:08:97:	Listener is working on port 9000
level : info: Aug-01-2023 11:08:100:	Mongoose is connected
level : info: Aug-01-2023 11:08:94:	Listener is working on port 9000
level : info: Aug-01-2023 11:08:96:	Mongoose is connected
level : info: Aug-01-2023 11:08:62:	Listener is working on port 9000
level : info: Aug-01-2023 11:08:64:	Mongoose is connected
level : info: Aug-01-2023 11:08:50:	Listener is working on port 9000
level : info: Aug-01-2023 11:08:53:	Mongoose is connected
level : info: Aug-01-2023 11:08:50:	Listener is working on port 9000
level : info: Aug-01-2023 11:08:61:	Mongoose is connected
level : info: Aug-01-2023 11:08:67:	Listener is working on port 9000
level : info: Aug-01-2023 11:08:100:	Listener is working on port 9000
level : info: Aug-01-2023 11:08:04:	Mongoose is connected
level : info: Aug-01-2023 11:08:69:	Listener is working on port 9000
level : info: Aug-01-2023 11:08:73:	Mongoose is connected
level : info: Aug-01-2023 11:08:23:	Listener is working on port 9000
level : info: Aug-01-2023 11:08:26:	Mongoose is connected
level : info: Aug-01-2023 11:08:73:	Listener is working on port 9000
level : info: Aug-01-2023 11:08:80:	Mongoose is connected
level : info: Aug-01-2023 11:08:69:	Listener is working on port 9000
level : info: Aug-01-2023 11:08:74:	Mongoose is connected
level : info: Aug-01-2023 11:08:60:	Listener is working on port 9000
level : info: Aug-01-2023 11:08:63:	Mongoose is connected
level : info: Aug-01-2023 11:08:93:	Listener is working on port 9000
level : info: Aug-01-2023 11:08:98:	Mongoose is connected
level : info: Aug-01-2023 11:08:12:	Listener is working on port 9000
level : info: Aug-01-2023 11:08:14:	Mongoose is connected
level : info: Aug-01-2023 11:08:37:	Listener is working on port 9000
level : info: Aug-01-2023 11:08:40:	Mongoose is connected
level : info: Aug-01-2023 11:08:17:	Listener is working on port 9000
level : info: Aug-01-2023 11:08:21:	Mongoose is connected
level : info: Aug-01-2023 11:08:38:	Listener is working on port 9000
level : info: Aug-01-2023 11:08:40:	Mongoose is connected
level : info: Aug-01-2023 11:08:75:	Listener is working on port 9000
level : info: Aug-01-2023 11:08:77:	Mongoose is connected
level : info: Aug-01-2023 11:08:39:	Listener is working on port 9000
level : info: Aug-01-2023 11:08:42:	Mongoose is connected
level : info: Aug-01-2023 11:08:73:	Listener is working on port 9000
level : info: Aug-01-2023 11:08:78:	Mongoose is connected
level : info: Aug-01-2023 11:08:25:	Listener is working on port 9000
level : info: Aug-01-2023 11:08:28:	Mongoose is connected
level : info: Aug-01-2023 11:08:76:	Listener is working on port 9000
level : info: Aug-01-2023 11:08:78:	Mongoose is connected
level : info: Aug-01-2023 11:08:89:	Listener is working on port 9000
level : info: Aug-01-2023 11:08:95:	Mongoose is connected
level : info: Aug-01-2023 11:08:62:	Listener is working on port 9000
level : info: Aug-01-2023 11:08:66:	Mongoose is connected
level : info: Aug-01-2023 11:08:58:	Listener is working on port 9000
level : info: Aug-01-2023 11:08:60:	Mongoose is connected
level : info: Aug-01-2023 11:08:50:	Listener is working on port 9000
level : info: Aug-01-2023 11:08:52:	Mongoose is connected
level : info: Aug-01-2023 11:08:40:	Listener is working on port 9000
level : info: Aug-01-2023 11:08:44:	Mongoose is connected
level : info: Aug-01-2023 11:08:99:	Listener is working on port 9000
level : info: Aug-01-2023 11:08:03:	Mongoose is connected
level : info: Aug-01-2023 11:08:79:	Listener is working on port 9000
level : info: Aug-01-2023 11:08:83:	Mongoose is connected
level : info: Aug-01-2023 11:08:37:	Listener is working on port 9000
level : info: Aug-01-2023 11:08:45:	Mongoose is connected
level : info: Aug-01-2023 11:08:68:	Listener is working on port 9000
level : info: Aug-01-2023 11:08:72:	Mongoose is connected
level : info: Aug-01-2023 11:08:41:	Listener is working on port 9000
level : info: Aug-01-2023 11:08:46:	Mongoose is connected
level : info: Aug-01-2023 11:08:03:	Listener is working on port 9000
level : info: Aug-01-2023 11:08:12:	Mongoose is connected
level : info: Aug-01-2023 11:08:29:	Listener is working on port 9000
level : info: Aug-01-2023 11:08:34:	Mongoose is connected
level : info: Aug-01-2023 11:08:65:	Listener is working on port 9000
level : info: Aug-01-2023 11:08:76:	Mongoose is connected
level : info: Aug-01-2023 11:08:20:	Listener is working on port 9000
level : info: Aug-01-2023 11:08:24:	Mongoose is connected
level : info: Aug-01-2023 11:08:30:	Listener is working on port 9000
level : info: Aug-01-2023 11:08:34:	Mongoose is connected
level : info: Aug-01-2023 11:08:70:	Listener is working on port 9000
level : info: Aug-01-2023 11:08:73:	Mongoose is connected
level : info: Aug-01-2023 11:08:17:	Listener is working on port 9000
level : info: Aug-01-2023 11:08:19:	Mongoose is connected
level : info: Aug-01-2023 11:08:83:	Listener is working on port 9000
level : info: Aug-01-2023 11:08:89:	Mongoose is connected
level : info: Aug-01-2023 11:08:20:	Listener is working on port 9000
level : info: Aug-01-2023 11:08:23:	Mongoose is connected
level : info: Aug-01-2023 11:08:05:	Listener is working on port 9000
level : info: Aug-01-2023 11:08:08:	Mongoose is connected
level : info: Aug-01-2023 11:08:47:	Listener is working on port 9000
level : info: Aug-01-2023 11:08:50:	Mongoose is connected
level : info: Aug-01-2023 11:08:37:	Listener is working on port 9000
level : info: Aug-01-2023 11:08:40:	Mongoose is connected
level : info: Aug-01-2023 11:08:99:	Listener is working on port 9000
level : info: Aug-01-2023 11:08:03:	Mongoose is connected
level : info: Aug-01-2023 11:08:42:	Listener is working on port 9000
level : info: Aug-01-2023 11:08:44:	Mongoose is connected
level : info: Aug-01-2023 11:08:59:	Listener is working on port 9000
level : info: Aug-01-2023 11:08:63:	Mongoose is connected
level : info: Aug-01-2023 11:08:15:	Listener is working on port 9000
level : info: Aug-01-2023 11:08:18:	Mongoose is connected
level : info: Aug-01-2023 11:08:30:	Listener is working on port 9000
level : info: Aug-01-2023 11:08:34:	Mongoose is connected
level : info: Aug-01-2023 11:08:43:	Listener is working on port 9000
level : info: Aug-01-2023 11:08:47:	Mongoose is connected
level : info: Aug-01-2023 11:08:52:	Listener is working on port 9000
level : info: Aug-01-2023 11:08:55:	Mongoose is connected
level : info: Aug-01-2023 11:08:03:	Listener is working on port 9000
level : info: Aug-01-2023 11:08:06:	Mongoose is connected
level : info: Aug-01-2023 11:08:28:	Listener is working on port 9000
level : info: Aug-01-2023 11:08:31:	Mongoose is connected
level : info: Aug-01-2023 11:08:76:	Listener is working on port 9000
level : info: Aug-01-2023 11:08:79:	Mongoose is connected
level : info: Aug-01-2023 11:08:36:	Listener is working on port 9000
level : info: Aug-01-2023 11:08:40:	Mongoose is connected
level : info: Aug-01-2023 11:08:70:	Listener is working on port 9000
level : info: Aug-01-2023 11:08:73:	Mongoose is connected
level : info: Aug-01-2023 11:08:34:	Listener is working on port 9000
level : info: Aug-01-2023 11:08:39:	Mongoose is connected
level : info: Aug-01-2023 11:08:88:	Listener is working on port 9000
level : info: Aug-01-2023 11:08:91:	Mongoose is connected
level : info: Aug-01-2023 11:08:82:	Listener is working on port 9000
level : info: Aug-01-2023 11:08:85:	Mongoose is connected
level : info: Aug-01-2023 11:08:80:	Listener is working on port 9000
level : info: Aug-01-2023 11:08:84:	Mongoose is connected
level : info: Aug-01-2023 11:08:97:	Listener is working on port 9000
level : info: Aug-01-2023 11:08:01:	Mongoose is connected
level : info: Aug-01-2023 11:08:80:	Listener is working on port 9000
level : info: Aug-01-2023 11:08:84:	Mongoose is connected
level : info: Aug-01-2023 11:08:73:	Listener is working on port 9000
level : info: Aug-01-2023 11:08:76:	Mongoose is connected
level : info: Aug-01-2023 11:08:75:	Listener is working on port 9000
level : info: Aug-01-2023 11:08:78:	Mongoose is connected
level : info: Aug-01-2023 11:08:42:	Listener is working on port 9000
level : info: Aug-01-2023 11:08:44:	Mongoose is connected
level : info: Aug-01-2023 11:08:01:	Listener is working on port 9000
level : info: Aug-01-2023 11:08:04:	Mongoose is connected
level : info: Aug-01-2023 11:08:90:	Listener is working on port 9000
level : info: Aug-01-2023 11:08:95:	Mongoose is connected
level : info: Aug-01-2023 11:08:82:	Listener is working on port 9000
level : info: Aug-01-2023 11:08:85:	Mongoose is connected
level : info: Aug-01-2023 11:08:28:	Listener is working on port 9000
level : info: Aug-01-2023 11:08:32:	Mongoose is connected
level : info: Aug-01-2023 11:08:85:	Listener is working on port 9000
level : info: Aug-01-2023 11:08:89:	Mongoose is connected
level : info: Aug-01-2023 11:08:21:	Listener is working on port 9000
level : info: Aug-01-2023 11:08:25:	Mongoose is connected
level : info: Aug-01-2023 11:08:87:	Listener is working on port 9000
level : info: Aug-01-2023 11:08:89:	Mongoose is connected
level : info: Aug-01-2023 11:08:100:	Listener is working on port 9000
level : info: Aug-01-2023 11:08:02:	Mongoose is connected
level : info: Aug-01-2023 11:08:98:	Listener is working on port 9000
level : info: Aug-01-2023 11:08:02:	Mongoose is connected
level : info: Aug-01-2023 11:08:61:	Listener is working on port 9000
level : info: Aug-01-2023 11:08:66:	Mongoose is connected
level : info: Aug-01-2023 11:08:64:	Listener is working on port 9000
level : info: Aug-01-2023 11:08:67:	Mongoose is connected
level : info: Aug-01-2023 11:08:19:	Listener is working on port 9000
level : info: Aug-01-2023 11:08:21:	Mongoose is connected
level : info: Aug-01-2023 11:08:39:	Listener is working on port 9000
level : info: Aug-01-2023 11:08:42:	Mongoose is connected
level : info: Aug-01-2023 11:08:28:	Listener is working on port 9000
level : info: Aug-01-2023 11:08:31:	Mongoose is connected
level : info: Aug-01-2023 11:08:31:	Listener is working on port 9000
level : info: Aug-01-2023 11:08:33:	Mongoose is connected
level : info: Aug-01-2023 11:08:83:	Listener is working on port 9000
level : info: Aug-01-2023 11:08:87:	Mongoose is connected
level : info: Aug-01-2023 11:08:19:	Listener is working on port 9000
level : info: Aug-01-2023 11:08:29:	Mongoose is connected
level : info: Aug-01-2023 11:08:51:	Listener is working on port 9000
level : info: Aug-01-2023 11:08:53:	Mongoose is connected
level : info: Aug-01-2023 11:08:69:	Listener is working on port 9000
level : info: Aug-01-2023 11:08:74:	Mongoose is connected
level : info: Aug-01-2023 11:08:06:	Listener is working on port 9000
level : info: Aug-01-2023 11:08:10:	Mongoose is connected
level : info: Aug-01-2023 11:08:25:	Listener is working on port 9000
level : info: Aug-01-2023 11:08:29:	Mongoose is connected
level : info: Aug-01-2023 11:08:25:	Listener is working on port 9000
level : info: Aug-01-2023 11:08:29:	Mongoose is connected
level : info: Aug-01-2023 11:08:68:	Listener is working on port 9000
level : info: Aug-01-2023 11:08:71:	Mongoose is connected
level : info: Aug-01-2023 11:08:11:	Listener is working on port 9000
level : info: Aug-01-2023 11:08:19:	Mongoose is connected
level : info: Aug-01-2023 11:08:73:	Listener is working on port 9000
level : info: Aug-01-2023 11:08:75:	Mongoose is connected
level : info: Aug-01-2023 11:08:69:	Listener is working on port 9000
level : info: Aug-01-2023 11:08:72:	Mongoose is connected
level : info: Aug-01-2023 11:08:39:	Listener is working on port 9000
level : info: Aug-01-2023 11:08:43:	Mongoose is connected
level : info: Aug-01-2023 11:08:63:	Listener is working on port 9000
level : info: Aug-01-2023 11:08:67:	Mongoose is connected
level : info: Aug-01-2023 11:08:90:	Listener is working on port 9000
level : info: Aug-01-2023 11:08:94:	Mongoose is connected
level : info: Aug-01-2023 11:08:40:	Listener is working on port 9000
level : info: Aug-01-2023 11:08:44:	Mongoose is connected
level : info: Aug-01-2023 11:08:89:	Listener is working on port 9000
level : info: Aug-01-2023 11:08:93:	Mongoose is connected
level : info: Aug-01-2023 11:08:86:	Listener is working on port 9000
level : info: Aug-01-2023 11:08:90:	Mongoose is connected
level : info: Aug-01-2023 11:08:66:	Listener is working on port 9000
level : info: Aug-01-2023 11:08:71:	Mongoose is connected
level : info: Aug-01-2023 11:08:50:	Listener is working on port 9000
level : info: Aug-01-2023 11:08:53:	Mongoose is connected
level : info: Aug-01-2023 11:08:27:	Listener is working on port 9000
level : info: Aug-01-2023 11:08:30:	Mongoose is connected
level : info: Aug-01-2023 11:08:39:	Listener is working on port 9000
level : info: Aug-01-2023 11:08:45:	Mongoose is connected
level : info: Aug-01-2023 11:08:11:	Listener is working on port 9000
level : info: Aug-01-2023 11:08:14:	Mongoose is connected
level : info: Aug-01-2023 11:08:87:	Listener is working on port 9000
level : info: Aug-01-2023 11:08:90:	Mongoose is connected
level : info: Aug-01-2023 11:08:69:	Listener is working on port 9000
level : info: Aug-01-2023 11:08:72:	Mongoose is connected
level : info: Aug-01-2023 11:08:55:	Listener is working on port 9000
level : info: Aug-01-2023 11:08:59:	Mongoose is connected
level : info: Aug-01-2023 11:08:89:	Listener is working on port 9000
level : info: Aug-01-2023 11:08:93:	Mongoose is connected
level : info: Aug-01-2023 11:08:81:	Listener is working on port 9000
level : info: Aug-01-2023 11:08:85:	Mongoose is connected
level : info: Aug-01-2023 11:08:70:	Listener is working on port 9000
level : info: Aug-01-2023 11:08:75:	Mongoose is connected
level : info: Aug-01-2023 11:08:08:	Listener is working on port 9000
level : info: Aug-01-2023 11:08:11:	Mongoose is connected
level : info: Aug-01-2023 11:08:66:	Listener is working on port 9000
level : info: Aug-01-2023 11:08:69:	Mongoose is connected
level : info: Aug-01-2023 11:08:87:	Listener is working on port 9000
level : info: Aug-01-2023 11:08:89:	Mongoose is connected
level : info: Aug-01-2023 11:08:80:	Listener is working on port 9000
level : info: Aug-01-2023 11:08:83:	Mongoose is connected
level : info: Aug-01-2023 11:08:63:	Listener is working on port 9000
level : info: Aug-01-2023 11:08:66:	Mongoose is connected
level : info: Aug-01-2023 11:08:34:	Listener is working on port 9000
level : info: Aug-01-2023 11:08:36:	Mongoose is connected
level : info: Aug-01-2023 11:08:41:	Listener is working on port 9000
level : info: Aug-01-2023 11:08:44:	Mongoose is connected
level : info: Aug-01-2023 11:08:44:	Listener is working on port 9000
level : info: Aug-01-2023 11:08:47:	Mongoose is connected
level : info: Aug-01-2023 11:08:26:	Listener is working on port 9000
level : info: Aug-01-2023 11:08:29:	Mongoose is connected
level : info: Aug-01-2023 11:08:79:	Listener is working on port 9000
level : info: Aug-01-2023 11:08:83:	Mongoose is connected
level : info: Aug-01-2023 11:08:34:	Listener is working on port 9000
level : info: Aug-01-2023 11:08:39:	Mongoose is connected
level : info: Aug-01-2023 11:08:70:	Listener is working on port 9000
level : info: Aug-01-2023 11:08:74:	Mongoose is connected
level : info: Aug-01-2023 11:08:08:	Listener is working on port 9000
level : info: Aug-01-2023 11:08:12:	Mongoose is connected
level : info: Aug-01-2023 11:08:46:	Listener is working on port 9000
level : info: Aug-01-2023 11:08:49:	Mongoose is connected
level : info: Aug-01-2023 11:08:59:	Listener is working on port 9000
level : info: Aug-01-2023 11:08:63:	Mongoose is connected
level : info: Aug-01-2023 11:08:46:	Listener is working on port 9000
level : info: Aug-01-2023 11:08:48:	Mongoose is connected
level : info: Aug-01-2023 11:08:09:	Listener is working on port 9000
level : info: Aug-01-2023 11:08:14:	Mongoose is connected
level : info: Aug-01-2023 11:08:19:	Listener is working on port 9000
level : info: Aug-01-2023 11:08:22:	Mongoose is connected
level : info: Aug-01-2023 11:08:37:	Listener is working on port 9000
level : info: Aug-01-2023 11:08:41:	Mongoose is connected
level : info: Aug-01-2023 11:08:36:	Listener is working on port 9000
level : info: Aug-01-2023 11:08:39:	Mongoose is connected
level : info: Aug-01-2023 11:08:25:	Listener is working on port 9000
level : info: Aug-01-2023 11:08:28:	Mongoose is connected
level : info: Aug-01-2023 11:08:22:	Listener is working on port 9000
level : info: Aug-01-2023 11:08:26:	Mongoose is connected
level : info: Aug-01-2023 11:08:95:	Listener is working on port 9000
level : info: Aug-01-2023 11:08:98:	Mongoose is connected
level : info: Aug-01-2023 11:08:96:	Listener is working on port 9000
level : info: Aug-01-2023 11:08:99:	Mongoose is connected
level : info: Aug-01-2023 11:08:74:	Listener is working on port 9000
level : info: Aug-01-2023 11:08:76:	Mongoose is connected
level : info: Aug-01-2023 11:08:32:	Listener is working on port 9000
level : info: Aug-01-2023 11:08:35:	Mongoose is connected
level : info: Aug-01-2023 11:08:83:	Listener is working on port 9000
level : info: Aug-01-2023 11:08:89:	Mongoose is connected
level : info: Aug-01-2023 11:08:79:	Listener is working on port 9000
level : info: Aug-01-2023 11:08:82:	Mongoose is connected
level : info: Aug-01-2023 11:08:80:	Listener is working on port 9000
level : info: Aug-01-2023 11:08:82:	Mongoose is connected
level : info: Aug-01-2023 11:08:16:	Listener is working on port 9000
level : info: Aug-01-2023 11:08:19:	Mongoose is connected
level : info: Aug-01-2023 11:08:71:	Listener is working on port 9000
level : info: Aug-01-2023 11:08:74:	Mongoose is connected
level : info: Aug-01-2023 11:08:44:	Listener is working on port 9000
level : info: Aug-01-2023 11:08:47:	Mongoose is connected
level : info: Aug-01-2023 11:08:36:	Listener is working on port 9000
level : info: Aug-01-2023 11:08:38:	Mongoose is connected
level : info: Aug-01-2023 11:08:57:	Listener is working on port 9000
level : info: Aug-01-2023 11:08:62:	Mongoose is connected
level : info: Aug-01-2023 11:08:75:	Listener is working on port 9000
level : info: Aug-01-2023 11:08:78:	Mongoose is connected
level : info: Aug-01-2023 11:08:63:	Listener is working on port 9000
level : info: Aug-01-2023 11:08:65:	Mongoose is connected
level : info: Aug-01-2023 11:08:70:	Listener is working on port 9000
level : info: Aug-01-2023 11:08:72:	Mongoose is connected
level : info: Aug-01-2023 11:08:26:	Listener is working on port 9000
level : info: Aug-01-2023 11:08:30:	Mongoose is connected
level : info: Aug-01-2023 11:08:36:	Listener is working on port 9000
level : info: Aug-01-2023 11:08:42:	Mongoose is connected
level : info: Aug-01-2023 11:08:21:	Listener is working on port 9000
level : info: Aug-01-2023 11:08:24:	Mongoose is connected
level : info: Aug-01-2023 11:08:66:	Listener is working on port 9000
level : info: Aug-01-2023 11:08:70:	Mongoose is connected
level : info: Aug-01-2023 11:08:47:	Listener is working on port 9000
level : info: Aug-01-2023 11:08:51:	Mongoose is connected
level : info: Aug-01-2023 11:08:88:	Listener is working on port 9000
level : info: Aug-01-2023 11:08:92:	Mongoose is connected
level : info: Aug-01-2023 11:08:89:	Listener is working on port 9000
level : info: Aug-01-2023 11:08:94:	Mongoose is connected
level : info: Aug-01-2023 11:08:05:	Listener is working on port 9000
level : info: Aug-01-2023 11:08:10:	Mongoose is connected
level : info: Aug-01-2023 11:08:04:	Listener is working on port 9000
level : info: Aug-01-2023 11:08:08:	Mongoose is connected
level : info: Aug-01-2023 11:08:57:	Listener is working on port 9000
level : info: Aug-01-2023 11:08:60:	Mongoose is connected
level : info: Aug-01-2023 11:08:09:	Listener is working on port 9000
level : info: Aug-01-2023 11:08:14:	Mongoose is connected
level : info: Aug-01-2023 11:08:69:	Listener is working on port 9000
level : info: Aug-01-2023 11:08:74:	Mongoose is connected
level : info: Aug-01-2023 11:08:96:	Listener is working on port 9000
level : info: Aug-01-2023 11:08:03:	Mongoose is connected
level : info: Aug-01-2023 11:08:57:	Listener is working on port 9000
level : info: Aug-01-2023 11:08:62:	Mongoose is connected
level : info: Aug-01-2023 11:08:13:	Listener is working on port 9000
level : info: Aug-01-2023 11:08:16:	Mongoose is connected
level : info: Aug-01-2023 11:08:21:	Listener is working on port 9000
level : info: Aug-01-2023 11:08:25:	Mongoose is connected
level : info: Aug-01-2023 11:08:49:	Listener is working on port 9000
level : info: Aug-01-2023 11:08:52:	Mongoose is connected
level : info: Aug-01-2023 11:08:13:	Listener is working on port 9000
level : info: Aug-01-2023 11:08:18:	Mongoose is connected
level : info: Aug-01-2023 12:08:66:	Listener is working on port 9000
level : info: Aug-01-2023 12:08:70:	Mongoose is connected
level : info: Aug-01-2023 12:08:58:	Listener is working on port 9000
level : info: Aug-01-2023 12:08:61:	Mongoose is connected
level : info: Aug-01-2023 12:08:96:	Listener is working on port 9000
level : info: Aug-01-2023 12:08:99:	Mongoose is connected
level : info: Aug-01-2023 12:08:22:	Listener is working on port 9000
level : info: Aug-01-2023 12:08:26:	Mongoose is connected
level : info: Aug-01-2023 12:08:13:	Listener is working on port 9000
level : info: Aug-01-2023 12:08:17:	Mongoose is connected
level : info: Aug-01-2023 12:08:40:	Listener is working on port 9000
level : info: Aug-01-2023 12:08:43:	Mongoose is connected
level : info: Aug-01-2023 12:08:61:	Listener is working on port 9000
level : info: Aug-01-2023 12:08:63:	Mongoose is connected
level : info: Aug-01-2023 12:08:92:	Listener is working on port 9000
level : info: Aug-01-2023 12:08:94:	Mongoose is connected
level : info: Aug-01-2023 12:08:44:	Listener is working on port 9000
level : info: Aug-01-2023 12:08:46:	Mongoose is connected
level : info: Aug-01-2023 12:08:95:	Listener is working on port 9000
level : info: Aug-01-2023 12:08:98:	Mongoose is connected
level : info: Aug-01-2023 12:08:72:	Listener is working on port 9000
level : info: Aug-01-2023 12:08:77:	Mongoose is connected
level : info: Aug-01-2023 12:08:13:	Listener is working on port 9000
level : info: Aug-01-2023 12:08:17:	Mongoose is connected
level : info: Aug-01-2023 12:08:87:	Listener is working on port 9000
level : info: Aug-01-2023 12:08:90:	Mongoose is connected
level : info: Aug-01-2023 12:08:89:	Listener is working on port 9000
level : info: Aug-01-2023 12:08:92:	Mongoose is connected
level : info: Aug-01-2023 12:08:21:	Listener is working on port 9000
level : info: Aug-01-2023 12:08:25:	Mongoose is connected
level : info: Aug-01-2023 12:08:17:	Listener is working on port 9000
level : info: Aug-01-2023 12:08:21:	Mongoose is connected
level : info: Aug-01-2023 12:08:07:	Listener is working on port 9000
level : info: Aug-01-2023 12:08:14:	Mongoose is connected
level : info: Aug-01-2023 12:08:33:	Listener is working on port 9000
level : info: Aug-01-2023 12:08:38:	Mongoose is connected
level : info: Aug-01-2023 12:08:99:	Listener is working on port 9000
level : info: Aug-01-2023 12:08:03:	Mongoose is connected
level : info: Aug-01-2023 12:08:41:	Listener is working on port 9000
level : info: Aug-01-2023 12:08:45:	Mongoose is connected
level : info: Aug-01-2023 12:08:76:	Listener is working on port 9000
level : info: Aug-01-2023 12:08:80:	Mongoose is connected
level : info: Aug-01-2023 12:08:06:	Listener is working on port 9000
level : info: Aug-01-2023 12:08:09:	Mongoose is connected
level : info: Aug-01-2023 12:08:95:	Listener is working on port 9000
level : info: Aug-01-2023 12:08:99:	Mongoose is connected
level : info: Aug-01-2023 12:08:97:	Listener is working on port 9000
level : info: Aug-01-2023 12:08:99:	Mongoose is connected
level : info: Aug-01-2023 12:08:28:	Listener is working on port 9000
level : info: Aug-01-2023 12:08:30:	Mongoose is connected
level : info: Aug-01-2023 12:08:90:	Listener is working on port 9000
level : info: Aug-01-2023 12:08:95:	Mongoose is connected
level : info: Aug-01-2023 12:08:82:	Listener is working on port 9000
level : info: Aug-01-2023 12:08:85:	Mongoose is connected
level : info: Aug-01-2023 12:08:99:	Listener is working on port 9000
level : info: Aug-01-2023 12:08:02:	Mongoose is connected
level : info: Aug-01-2023 12:08:34:	Listener is working on port 9000
level : info: Aug-01-2023 12:08:39:	Mongoose is connected
level : info: Aug-01-2023 12:08:40:	Listener is working on port 9000
level : info: Aug-01-2023 12:08:44:	Mongoose is connected
level : info: Aug-01-2023 12:08:81:	Listener is working on port 9000
level : info: Aug-01-2023 12:08:84:	Mongoose is connected
level : info: Aug-01-2023 12:08:41:	Listener is working on port 9000
level : info: Aug-01-2023 12:08:44:	Mongoose is connected
level : info: Aug-01-2023 12:08:02:	Listener is working on port 9000
level : info: Aug-01-2023 12:08:06:	Mongoose is connected
level : info: Aug-01-2023 12:08:43:	Listener is working on port 9000
level : info: Aug-01-2023 12:08:46:	Mongoose is connected
level : info: Aug-01-2023 12:08:76:	Listener is working on port 9000
level : info: Aug-01-2023 12:08:81:	Mongoose is connected
level : info: Aug-01-2023 12:08:30:	Listener is working on port 9000
level : info: Aug-01-2023 12:08:34:	Mongoose is connected
level : info: Aug-01-2023 12:08:71:	Listener is working on port 9000
level : info: Aug-01-2023 12:08:74:	Mongoose is connected
level : info: Aug-01-2023 12:08:80:	Listener is working on port 9000
level : info: Aug-01-2023 12:08:84:	Mongoose is connected
level : info: Aug-01-2023 12:08:94:	Listener is working on port 9000
level : info: Aug-01-2023 12:08:99:	Mongoose is connected
level : info: Aug-01-2023 12:08:57:	Listener is working on port 9000
level : info: Aug-01-2023 12:08:62:	Mongoose is connected
level : info: Aug-01-2023 12:08:64:	Listener is working on port 9000
level : info: Aug-01-2023 12:08:69:	Mongoose is connected
level : info: Aug-01-2023 12:08:69:	Listener is working on port 9000
level : info: Aug-01-2023 12:08:74:	Mongoose is connected
level : info: Aug-01-2023 12:08:80:	Listener is working on port 9000
level : info: Aug-01-2023 12:08:85:	Mongoose is connected
level : info: Aug-01-2023 12:08:51:	Listener is working on port 9000
level : info: Aug-01-2023 12:08:55:	Mongoose is connected
level : info: Aug-01-2023 12:08:20:	Listener is working on port 9000
level : info: Aug-01-2023 12:08:22:	Mongoose is connected
level : info: Aug-01-2023 12:08:06:	Listener is working on port 9000
level : info: Aug-01-2023 12:08:08:	Mongoose is connected
level : info: Aug-01-2023 12:08:28:	Listener is working on port 9000
level : info: Aug-01-2023 12:08:35:	Mongoose is connected
level : info: Aug-01-2023 12:08:55:	Listener is working on port 9000
level : info: Aug-01-2023 12:08:60:	Mongoose is connected
level : info: Aug-01-2023 12:08:20:	Listener is working on port 9000
level : info: Aug-01-2023 12:08:24:	Mongoose is connected
level : info: Aug-01-2023 12:08:49:	Listener is working on port 9000
level : info: Aug-01-2023 12:08:54:	Mongoose is connected
level : info: Aug-01-2023 12:08:05:	Listener is working on port 9000
level : info: Aug-01-2023 12:08:10:	Mongoose is connected
level : info: Aug-01-2023 12:08:56:	Listener is working on port 9000
level : info: Aug-01-2023 12:08:59:	Mongoose is connected
level : info: Aug-01-2023 12:08:50:	Listener is working on port 9000
level : info: Aug-01-2023 12:08:56:	Mongoose is connected
level : info: Aug-01-2023 12:08:83:	Listener is working on port 9000
level : info: Aug-01-2023 12:08:87:	Mongoose is connected
level : info: Aug-01-2023 12:08:56:	Listener is working on port 9000
level : info: Aug-01-2023 12:08:58:	Mongoose is connected
level : info: Aug-01-2023 12:08:64:	Listener is working on port 9000
level : info: Aug-01-2023 12:08:68:	Mongoose is connected
level : info: Aug-01-2023 12:08:32:	Listener is working on port 9000
level : info: Aug-01-2023 12:08:35:	Mongoose is connected
level : info: Aug-01-2023 12:08:17:	Listener is working on port 9000
level : info: Aug-01-2023 12:08:22:	Mongoose is connected
level : info: Aug-01-2023 12:08:22:	Listener is working on port 9000
level : info: Aug-01-2023 12:08:26:	Mongoose is connected
level : info: Aug-01-2023 12:08:64:	Listener is working on port 9000
level : info: Aug-01-2023 12:08:67:	Mongoose is connected
level : info: Aug-01-2023 12:08:81:	Listener is working on port 9000
level : info: Aug-01-2023 12:08:88:	Mongoose is connected
level : info: Aug-01-2023 12:08:26:	Listener is working on port 9000
level : info: Aug-01-2023 12:08:31:	Mongoose is connected
level : info: Aug-01-2023 12:08:76:	Listener is working on port 9000
level : info: Aug-01-2023 12:08:78:	Mongoose is connected
level : info: Aug-01-2023 12:08:36:	Listener is working on port 9000
level : info: Aug-01-2023 12:08:39:	Mongoose is connected
level : info: Aug-01-2023 12:08:89:	Listener is working on port 9000
level : info: Aug-01-2023 12:08:92:	Mongoose is connected
level : info: Aug-01-2023 12:08:89:	Listener is working on port 9000
level : info: Aug-01-2023 12:08:95:	Mongoose is connected
level : info: Aug-01-2023 12:08:23:	Listener is working on port 9000
level : info: Aug-01-2023 12:08:25:	Mongoose is connected
level : info: Aug-01-2023 12:08:38:	Listener is working on port 9000
level : info: Aug-01-2023 12:08:41:	Mongoose is connected
level : info: Aug-01-2023 12:08:19:	Listener is working on port 9000
level : info: Aug-01-2023 12:08:24:	Mongoose is connected
level : info: Aug-01-2023 12:08:80:	Listener is working on port 9000
level : info: Aug-01-2023 12:08:84:	Mongoose is connected
level : info: Aug-01-2023 12:08:02:	Listener is working on port 9000
level : info: Aug-01-2023 12:08:06:	Mongoose is connected
level : info: Aug-01-2023 12:08:60:	Listener is working on port 9000
level : info: Aug-01-2023 12:08:64:	Mongoose is connected
level : info: Aug-01-2023 12:08:17:	Listener is working on port 9000
level : info: Aug-01-2023 12:08:23:	Mongoose is connected
level : info: Aug-01-2023 12:08:81:	Listener is working on port 9000
level : info: Aug-01-2023 12:08:84:	Mongoose is connected
level : info: Aug-01-2023 12:08:94:	Listener is working on port 9000
level : info: Aug-01-2023 12:08:97:	Mongoose is connected
level : info: Aug-01-2023 12:08:36:	Listener is working on port 9000
level : info: Aug-01-2023 12:08:39:	Mongoose is connected
level : info: Aug-01-2023 12:08:67:	Listener is working on port 9000
level : info: Aug-01-2023 12:08:70:	Mongoose is connected
level : info: Aug-01-2023 12:08:41:	Listener is working on port 9000
level : info: Aug-01-2023 12:08:44:	Mongoose is connected
level : info: Aug-01-2023 12:08:44:	Listener is working on port 9000
level : info: Aug-01-2023 12:08:48:	Mongoose is connected
level : info: Aug-01-2023 12:08:08:	Listener is working on port 9000
level : info: Aug-01-2023 12:08:14:	Mongoose is connected
level : info: Aug-01-2023 12:08:16:	Listener is working on port 9000
level : info: Aug-01-2023 12:08:22:	Mongoose is connected
level : info: Aug-01-2023 15:08:41:	Listener is working on port 9000
level : info: Aug-01-2023 15:08:46:	Mongoose is connected
level : info: Aug-01-2023 15:08:51:	Listener is working on port 9000
level : info: Aug-01-2023 15:08:56:	Mongoose is connected
level : info: Aug-01-2023 15:08:81:	Listener is working on port 9000
level : info: Aug-01-2023 15:08:84:	Mongoose is connected
level : info: Aug-01-2023 15:08:70:	Listener is working on port 9000
level : info: Aug-01-2023 15:08:73:	Mongoose is connected
level : info: Aug-01-2023 15:08:62:	Listener is working on port 9000
level : info: Aug-01-2023 15:08:65:	Mongoose is connected
level : info: Aug-01-2023 15:08:90:	Listener is working on port 9000
level : info: Aug-01-2023 15:08:92:	Mongoose is connected
level : info: Aug-01-2023 15:08:49:	Listener is working on port 9000
level : info: Aug-01-2023 15:08:51:	Mongoose is connected
level : info: Aug-01-2023 15:08:78:	Listener is working on port 9000
level : info: Aug-01-2023 15:08:82:	Mongoose is connected
level : info: Aug-01-2023 15:08:24:	Listener is working on port 9000
level : info: Aug-01-2023 15:08:29:	Mongoose is connected
level : info: Aug-01-2023 15:08:82:	Listener is working on port 9000
level : info: Aug-01-2023 15:08:86:	Mongoose is connected
level : info: Aug-01-2023 15:08:06:	Listener is working on port 9000
level : info: Aug-01-2023 15:08:11:	Mongoose is connected
level : info: Aug-01-2023 15:08:46:	Listener is working on port 9000
level : info: Aug-01-2023 15:08:50:	Mongoose is connected
level : info: Aug-01-2023 15:08:52:	Listener is working on port 9000
level : info: Aug-01-2023 15:08:55:	Mongoose is connected
level : info: Aug-01-2023 15:08:92:	Listener is working on port 9000
level : info: Aug-01-2023 15:08:95:	Mongoose is connected
level : info: Aug-01-2023 15:08:10:	Listener is working on port 9000
level : info: Aug-01-2023 15:08:12:	Mongoose is connected
level : info: Aug-01-2023 15:08:40:	Listener is working on port 9000
level : info: Aug-01-2023 15:08:42:	Mongoose is connected
level : info: Aug-01-2023 15:08:98:	Listener is working on port 9000
level : info: Aug-01-2023 15:08:02:	Mongoose is connected
level : info: Aug-01-2023 15:08:58:	Listener is working on port 9000
level : info: Aug-01-2023 15:08:61:	Mongoose is connected
level : info: Aug-01-2023 15:08:01:	Listener is working on port 9000
level : info: Aug-01-2023 15:08:04:	Mongoose is connected
level : info: Aug-01-2023 15:08:97:	Listener is working on port 9000
level : info: Aug-01-2023 15:08:01:	Mongoose is connected
level : info: Aug-01-2023 15:08:85:	Listener is working on port 9000
level : info: Aug-01-2023 15:08:88:	Mongoose is connected
level : info: Aug-01-2023 15:08:94:	Listener is working on port 9000
level : info: Aug-01-2023 15:08:100:	Mongoose is connected
level : info: Aug-01-2023 15:08:04:	Listener is working on port 9000
level : info: Aug-01-2023 15:08:07:	Mongoose is connected
level : info: Aug-01-2023 15:08:84:	Listener is working on port 9000
level : info: Aug-01-2023 15:08:89:	Mongoose is connected
level : info: Aug-01-2023 15:08:11:	Listener is working on port 9000
level : info: Aug-01-2023 15:08:16:	Mongoose is connected
level : info: Aug-01-2023 15:08:20:	Listener is working on port 9000
level : info: Aug-01-2023 15:08:23:	Mongoose is connected
level : info: Aug-01-2023 15:08:91:	Listener is working on port 9000
level : info: Aug-01-2023 15:08:95:	Mongoose is connected
level : info: Aug-01-2023 15:08:67:	Listener is working on port 9000
level : info: Aug-01-2023 15:08:71:	Mongoose is connected
level : info: Aug-01-2023 15:08:30:	Listener is working on port 9000
level : info: Aug-01-2023 15:08:32:	Mongoose is connected
level : info: Aug-01-2023 15:08:13:	Listener is working on port 9000
level : info: Aug-01-2023 15:08:17:	Mongoose is connected
level : info: Aug-01-2023 15:08:82:	Listener is working on port 9000
level : info: Aug-01-2023 15:08:86:	Mongoose is connected
level : info: Aug-01-2023 15:08:99:	Listener is working on port 9000
level : info: Aug-01-2023 15:08:01:	Mongoose is connected
level : info: Aug-01-2023 15:08:49:	Listener is working on port 9000
level : info: Aug-01-2023 15:08:51:	Mongoose is connected
level : info: Aug-01-2023 15:08:60:	Listener is working on port 9000
level : info: Aug-01-2023 15:08:66:	Mongoose is connected
level : info: Aug-01-2023 15:08:25:	Listener is working on port 9000
level : info: Aug-01-2023 15:08:34:	Mongoose is connected
level : info: Aug-01-2023 15:08:05:	Listener is working on port 9000
level : info: Aug-01-2023 15:08:10:	Mongoose is connected
level : info: Aug-01-2023 16:08:98:	Listener is working on port 9000
level : info: Aug-01-2023 16:08:02:	Mongoose is connected
level : info: Aug-01-2023 16:08:76:	Listener is working on port 9000
level : info: Aug-01-2023 16:08:79:	Mongoose is connected
level : info: Aug-01-2023 16:08:34:	Listener is working on port 9000
level : info: Aug-01-2023 16:08:37:	Mongoose is connected
level : info: Aug-01-2023 16:08:100:	Listener is working on port 9000
level : info: Aug-01-2023 16:08:08:	Mongoose is connected
level : info: Aug-01-2023 16:08:32:	Listener is working on port 9000
level : info: Aug-01-2023 16:08:35:	Mongoose is connected
level : info: Aug-01-2023 16:08:30:	Listener is working on port 9000
level : info: Aug-01-2023 16:08:33:	Mongoose is connected
level : info: Aug-01-2023 16:08:97:	Listener is working on port 9000
level : info: Aug-01-2023 16:08:100:	Mongoose is connected
level : info: Aug-01-2023 16:08:84:	Listener is working on port 9000
level : info: Aug-01-2023 16:08:86:	Mongoose is connected
level : info: Aug-01-2023 16:08:99:	Listener is working on port 9000
level : info: Aug-01-2023 16:08:04:	Mongoose is connected
level : info: Aug-01-2023 16:08:25:	Listener is working on port 9000
level : info: Aug-01-2023 16:08:29:	Mongoose is connected
level : info: Aug-01-2023 16:08:93:	Listener is working on port 9000
level : info: Aug-01-2023 16:08:96:	Mongoose is connected
level : info: Aug-01-2023 16:08:63:	Listener is working on port 9000
level : info: Aug-01-2023 16:08:68:	Mongoose is connected
level : info: Aug-01-2023 16:08:46:	Listener is working on port 9000
level : info: Aug-01-2023 16:08:49:	Mongoose is connected
level : info: Aug-01-2023 16:08:24:	Listener is working on port 9000
level : info: Aug-01-2023 16:08:30:	Mongoose is connected
level : info: Aug-01-2023 16:08:82:	Listener is working on port 9000
level : info: Aug-01-2023 16:08:85:	Mongoose is connected
level : info: Aug-01-2023 16:08:54:	Listener is working on port 9000
level : info: Aug-01-2023 16:08:58:	Mongoose is connected
level : info: Aug-01-2023 16:08:82:	Listener is working on port 9000
level : info: Aug-01-2023 16:08:85:	Mongoose is connected
level : info: Aug-01-2023 16:08:29:	Listener is working on port 9000
level : info: Aug-01-2023 16:08:34:	Mongoose is connected
level : info: Aug-01-2023 16:08:97:	Listener is working on port 9000
level : info: Aug-01-2023 16:08:02:	Mongoose is connected
level : info: Aug-01-2023 16:08:93:	Listener is working on port 9000
level : info: Aug-01-2023 16:08:96:	Mongoose is connected
level : info: Aug-01-2023 16:08:49:	Listener is working on port 9000
level : info: Aug-01-2023 16:08:53:	Mongoose is connected
level : info: Aug-01-2023 16:08:23:	Listener is working on port 9000
level : info: Aug-01-2023 16:08:25:	Mongoose is connected
level : info: Aug-01-2023 16:08:04:	Listener is working on port 9000
level : info: Aug-01-2023 16:08:07:	Mongoose is connected
level : info: Aug-01-2023 16:08:39:	Listener is working on port 9000
level : info: Aug-01-2023 16:08:41:	Mongoose is connected
level : info: Aug-01-2023 16:08:77:	Listener is working on port 9000
level : info: Aug-01-2023 16:08:80:	Mongoose is connected
level : info: Aug-01-2023 16:08:21:	Listener is working on port 9000
level : info: Aug-01-2023 16:08:24:	Mongoose is connected
level : info: Aug-01-2023 16:08:89:	Listener is working on port 9000
level : info: Aug-01-2023 16:08:93:	Mongoose is connected
level : info: Aug-01-2023 16:08:70:	Listener is working on port 9000
level : info: Aug-01-2023 16:08:78:	Mongoose is connected
level : info: Aug-01-2023 16:08:84:	Listener is working on port 9000
level : info: Aug-01-2023 16:08:86:	Mongoose is connected
level : info: Aug-01-2023 16:08:15:	Listener is working on port 9000
level : info: Aug-01-2023 16:08:18:	Mongoose is connected
level : info: Aug-01-2023 16:08:93:	Listener is working on port 9000
level : info: Aug-01-2023 16:08:97:	Mongoose is connected
level : info: Aug-01-2023 16:08:32:	Listener is working on port 9000
level : info: Aug-01-2023 16:08:34:	Mongoose is connected
level : info: Aug-01-2023 16:08:83:	Listener is working on port 9000
level : info: Aug-01-2023 16:08:86:	Mongoose is connected
level : info: Aug-01-2023 16:08:34:	Listener is working on port 9000
level : info: Aug-01-2023 16:08:41:	Mongoose is connected
level : info: Aug-01-2023 16:08:35:	Listener is working on port 9000
level : info: Aug-01-2023 16:08:39:	Mongoose is connected
level : info: Aug-01-2023 16:08:33:	Listener is working on port 9000
level : info: Aug-01-2023 16:08:38:	Mongoose is connected
level : info: Aug-01-2023 16:08:87:	Listener is working on port 9000
level : info: Aug-01-2023 16:08:90:	Mongoose is connected
level : info: Aug-01-2023 16:08:33:	Listener is working on port 9000
level : info: Aug-01-2023 16:08:37:	Mongoose is connected
level : info: Aug-01-2023 16:08:58:	Listener is working on port 9000
level : info: Aug-01-2023 16:08:60:	Mongoose is connected
level : info: Aug-01-2023 16:08:46:	Listener is working on port 9000
level : info: Aug-01-2023 16:08:49:	Mongoose is connected
level : info: Aug-01-2023 16:08:09:	Listener is working on port 9000
level : info: Aug-01-2023 16:08:11:	Mongoose is connected
level : info: Aug-01-2023 16:08:51:	Listener is working on port 9000
level : info: Aug-01-2023 16:08:54:	Mongoose is connected
level : info: Aug-01-2023 16:08:81:	Listener is working on port 9000
level : info: Aug-01-2023 16:08:83:	Mongoose is connected
level : info: Aug-01-2023 16:08:39:	Listener is working on port 9000
level : info: Aug-01-2023 16:08:41:	Mongoose is connected
level : info: Aug-01-2023 16:08:10:	Listener is working on port 9000
level : info: Aug-01-2023 16:08:14:	Mongoose is connected
level : info: Aug-01-2023 16:08:22:	Listener is working on port 9000
level : info: Aug-01-2023 16:08:25:	Mongoose is connected
level : info: Aug-01-2023 16:08:28:	Listener is working on port 9000
level : info: Aug-01-2023 16:08:31:	Mongoose is connected
level : info: Aug-01-2023 16:08:61:	Listener is working on port 9000
level : info: Aug-01-2023 16:08:64:	Mongoose is connected
level : info: Aug-01-2023 16:08:11:	Listener is working on port 9000
level : info: Aug-01-2023 16:08:14:	Mongoose is connected
level : info: Aug-01-2023 16:08:81:	Listener is working on port 9000
level : info: Aug-01-2023 16:08:86:	Mongoose is connected
level : info: Aug-01-2023 16:08:98:	Listener is working on port 9000
level : info: Aug-01-2023 16:08:03:	Mongoose is connected
level : info: Aug-01-2023 16:08:33:	Listener is working on port 9000
level : info: Aug-01-2023 16:08:38:	Mongoose is connected
level : info: Aug-01-2023 16:08:41:	Listener is working on port 9000
level : info: Aug-01-2023 16:08:45:	Mongoose is connected
level : info: Aug-01-2023 16:08:93:	Listener is working on port 9000
level : info: Aug-01-2023 16:08:97:	Mongoose is connected
level : info: Aug-01-2023 16:08:39:	Listener is working on port 9000
level : info: Aug-01-2023 16:08:43:	Mongoose is connected
level : info: Aug-01-2023 16:08:23:	Listener is working on port 9000
level : info: Aug-01-2023 16:08:28:	Mongoose is connected
level : info: Aug-01-2023 16:08:97:	Listener is working on port 9000
level : info: Aug-01-2023 16:08:99:	Mongoose is connected
level : info: Aug-01-2023 16:08:55:	Listener is working on port 9000
level : info: Aug-01-2023 16:08:59:	Mongoose is connected
level : info: Aug-01-2023 16:08:99:	Listener is working on port 9000
level : info: Aug-01-2023 16:08:43:	Listener is working on port 9000
level : info: Aug-01-2023 16:08:47:	Mongoose is connected
level : info: Aug-01-2023 16:08:16:	Listener is working on port 9000
level : info: Aug-01-2023 16:08:18:	Mongoose is connected
level : info: Aug-01-2023 16:08:06:	Listener is working on port 9000
level : info: Aug-01-2023 16:08:09:	Mongoose is connected
level : info: Aug-01-2023 16:08:73:	Listener is working on port 9000
level : info: Aug-01-2023 16:08:75:	Mongoose is connected
level : info: Aug-01-2023 16:08:54:	Listener is working on port 9000
level : info: Aug-01-2023 16:08:56:	Mongoose is connected
level : info: Aug-01-2023 16:08:38:	Listener is working on port 9000
level : info: Aug-01-2023 16:08:40:	Mongoose is connected
level : info: Aug-01-2023 16:08:24:	Listener is working on port 9000
level : info: Aug-01-2023 16:08:27:	Mongoose is connected
level : info: Aug-01-2023 16:08:01:	Listener is working on port 9000
level : info: Aug-01-2023 16:08:04:	Mongoose is connected
level : info: Aug-01-2023 16:08:04:	Listener is working on port 9000
level : info: Aug-01-2023 16:08:08:	Mongoose is connected
level : info: Aug-01-2023 16:08:29:	Listener is working on port 9000
level : info: Aug-01-2023 16:08:33:	Mongoose is connected
level : info: Aug-01-2023 16:08:01:	Listener is working on port 9000
level : info: Aug-01-2023 16:08:04:	Mongoose is connected
level : info: Aug-01-2023 16:08:02:	Listener is working on port 9000
level : info: Aug-01-2023 16:08:06:	Mongoose is connected
level : info: Aug-01-2023 16:08:86:	Listener is working on port 9000
level : info: Aug-01-2023 16:08:91:	Mongoose is connected
level : info: Aug-01-2023 16:08:70:	Listener is working on port 9000
level : info: Aug-01-2023 16:08:72:	Mongoose is connected
level : info: Aug-01-2023 16:08:80:	Listener is working on port 9000
level : info: Aug-01-2023 16:08:86:	Mongoose is connected
level : info: Aug-01-2023 16:08:53:	Listener is working on port 9000
level : info: Aug-01-2023 16:08:57:	Mongoose is connected
level : info: Aug-01-2023 16:08:89:	Listener is working on port 9000
level : info: Aug-01-2023 16:08:92:	Mongoose is connected
level : info: Aug-01-2023 16:08:36:	Listener is working on port 9000
level : info: Aug-01-2023 16:08:38:	Mongoose is connected
level : info: Aug-01-2023 16:08:47:	Listener is working on port 9000
level : info: Aug-01-2023 16:08:49:	Mongoose is connected
level : info: Aug-01-2023 16:08:65:	Listener is working on port 9000
level : info: Aug-01-2023 16:08:68:	Mongoose is connected
level : info: Aug-01-2023 16:08:65:	Listener is working on port 9000
level : info: Aug-01-2023 16:08:67:	Mongoose is connected
level : info: Aug-01-2023 16:08:72:	Listener is working on port 9000
level : info: Aug-01-2023 16:08:74:	Mongoose is connected
level : info: Aug-01-2023 16:08:64:	Listener is working on port 9000
level : info: Aug-01-2023 16:08:66:	Mongoose is connected
level : info: Aug-01-2023 16:08:66:	Listener is working on port 9000
level : info: Aug-01-2023 16:08:70:	Mongoose is connected
level : info: Aug-01-2023 16:08:48:	Listener is working on port 9000
level : info: Aug-01-2023 16:08:56:	Mongoose is connected
level : info: Aug-01-2023 16:08:15:	Listener is working on port 9000
level : info: Aug-01-2023 16:08:20:	Mongoose is connected
level : info: Aug-01-2023 16:08:54:	Listener is working on port 9000
level : info: Aug-01-2023 16:08:57:	Mongoose is connected
level : info: Aug-01-2023 16:08:35:	Listener is working on port 9000
level : info: Aug-01-2023 16:08:37:	Mongoose is connected
level : info: Aug-01-2023 16:08:38:	Listener is working on port 9000
level : info: Aug-01-2023 16:08:42:	Mongoose is connected
level : info: Aug-01-2023 16:08:95:	Listener is working on port 9000
level : info: Aug-01-2023 16:08:97:	Mongoose is connected
level : info: Aug-01-2023 16:08:52:	Listener is working on port 9000
level : info: Aug-01-2023 16:08:61:	Mongoose is connected
level : info: Aug-01-2023 16:08:31:	Listener is working on port 9000
level : info: Aug-01-2023 16:08:33:	Mongoose is connected
level : info: Aug-01-2023 16:08:16:	Listener is working on port 9000
level : info: Aug-01-2023 16:08:18:	Mongoose is connected
level : info: Aug-01-2023 16:08:33:	Listener is working on port 9000
level : info: Aug-01-2023 16:08:37:	Mongoose is connected
level : info: Aug-01-2023 16:08:87:	Listener is working on port 9000
level : info: Aug-01-2023 16:08:90:	Mongoose is connected
level : info: Aug-01-2023 16:08:72:	Listener is working on port 9000
level : info: Aug-01-2023 16:08:75:	Mongoose is connected
level : info: Aug-01-2023 16:08:01:	Listener is working on port 9000
level : info: Aug-01-2023 16:08:04:	Mongoose is connected
level : info: Aug-01-2023 16:08:00:	Listener is working on port 9000
level : info: Aug-01-2023 16:08:04:	Mongoose is connected
level : info: Aug-01-2023 16:08:63:	Listener is working on port 9000
level : info: Aug-01-2023 16:08:65:	Mongoose is connected
level : info: Aug-01-2023 16:08:95:	Listener is working on port 9000
level : info: Aug-01-2023 16:08:97:	Mongoose is connected
level : info: Aug-01-2023 16:08:75:	Listener is working on port 9000
level : info: Aug-01-2023 16:08:78:	Mongoose is connected
level : info: Aug-01-2023 16:08:16:	Listener is working on port 9000
level : info: Aug-01-2023 16:08:18:	Mongoose is connected
level : info: Aug-01-2023 16:08:19:	Listener is working on port 9000
level : info: Aug-01-2023 16:08:21:	Mongoose is connected
level : info: Aug-01-2023 16:08:77:	Listener is working on port 9000
level : info: Aug-01-2023 16:08:80:	Mongoose is connected
level : info: Aug-01-2023 16:08:07:	Listener is working on port 9000
level : info: Aug-01-2023 16:08:11:	Mongoose is connected
level : info: Aug-01-2023 16:08:63:	Listener is working on port 9000
level : info: Aug-01-2023 16:08:66:	Mongoose is connected
level : info: Aug-01-2023 16:08:76:	Listener is working on port 9000
level : info: Aug-01-2023 16:08:78:	Mongoose is connected
level : info: Aug-01-2023 16:08:09:	Listener is working on port 9000
level : info: Aug-01-2023 16:08:13:	Mongoose is connected
level : info: Aug-01-2023 16:08:07:	Listener is working on port 9000
level : info: Aug-01-2023 16:08:10:	Mongoose is connected
level : info: Aug-01-2023 16:08:35:	Listener is working on port 9000
level : info: Aug-01-2023 16:08:38:	Mongoose is connected
level : info: Aug-01-2023 16:08:34:	Listener is working on port 9000
level : info: Aug-01-2023 16:08:37:	Mongoose is connected
level : info: Aug-01-2023 16:08:27:	Listener is working on port 9000
level : info: Aug-01-2023 16:08:29:	Mongoose is connected
level : info: Aug-01-2023 16:08:67:	Listener is working on port 9000
level : info: Aug-01-2023 16:08:71:	Mongoose is connected
level : info: Aug-01-2023 16:08:27:	Listener is working on port 9000
level : info: Aug-01-2023 16:08:29:	Mongoose is connected
